{"name": "test_huahua1", "status": "failed", "statusDetails": {"message": "AssertionError: assert 1 == 2\n  +1\n  -2", "trace": "all_fixture = None, user_fixture = None\n\n    def test_huahua1(all_fixture,user_fixture):\n        print('\\nmashang2')\n        print('---------------------',all_fixture)\n        print('======================',user_fixture)\n>       assert 1==2\nE       assert 1 == 2\nE         +1\nE         -2\n\ntestcase/user/test_mashang2.py:15: AssertionError"}, "start": 1627306780698, "stop": 1627306780698, "uuid": "21ad66e8-1125-46c7-bdde-a4a5401ac2f2", "historyId": "2af4cdab0b6ee5086c1639ac23cf83ea", "testCaseId": "95d948094fa34e4ca013e17ab7c4c660", "fullName": "testcase.user.test_mashang2#test_huahua1", "labels": [{"name": "parentSuite", "value": "testcase.user"}, {"name": "suite", "value": "test_mashang2"}, {"name": "host", "value": "MBP"}, {"name": "thread", "value": "17550-MainThread"}, {"name": "framework", "value": "pytest"}, {"name": "language", "value": "cpython3"}, {"name": "package", "value": "testcase.user.test_mashang2"}]}